<?xml version="1.0" encoding="utf-8"?>
<ScrollView xmlns:android="http://schemas.android.com/apk/res/android"
    xmlns:app="http://schemas.android.com/apk/res-auto"
    android:layout_width="match_parent"
    android:layout_height="match_parent"
    android:background="@color/testResultBackgroundColor"
    android:orientation="vertical">

    <LinearLayout
        android:layout_width="match_parent"
        android:layout_height="match_parent"
        android:layout_marginTop="@dimen/margintop"
        android:orientation="vertical"
        android:padding="15dp">

        <android.support.v7.widget.CardView
            android:layout_width="match_parent"
            android:layout_height="match_parent"
            android:elevation="5dp"
            app:cardCornerRadius="20dp">

            <LinearLayout
                android:layout_width="match_parent"
                android:layout_height="match_parent"
                android:background="@color/white"
                android:gravity="center_horizontal"
                android:orientation="vertical"
                android:padding="20dp">

                <android.support.v7.widget.CardView
                    android:layout_width="100dp"
                    android:layout_height="100dp"
                    android:layout_marginTop="@dimen/margintop"
                    android:elevation="10dp"
                    app:cardCornerRadius="50dp">

                    <LinearLayout
                        android:layout_width="wrap_content"
                        android:layout_height="wrap_content"
                        android:background="@color/white">

                        <ImageView
                            android:id="@+id/headImg"
                            android:layout_width="match_parent"
                            android:layout_height="match_parent"
                            android:src="@mipmap/s_jump" />
                    </LinearLayout>

                </android.support.v7.widget.CardView>

                <LinearLayout
                    android:layout_width="match_parent"
                    android:layout_height="wrap_content"
                    android:layout_marginTop="@dimen/margintop"
                    android:gravity="center_horizontal"
                    android:orientation="horizontal">

                    <TextView
                        android:layout_width="wrap_content"
                        android:layout_height="wrap_content"
                        android:text="已完成"
                        android:textSize="@dimen/textSize" />

                    <TextView
                        android:id="@+id/myAttr"
                        android:layout_width="wrap_content"
                        android:layout_height="wrap_content"
                        android:layout_marginLeft="@dimen/margintop"
                        android:text="初步性格分析测试"
                        android:textColor="@color/questionBarColor"
                        android:textSize="@dimen/textSize" />
                </LinearLayout>

                <LinearLayout
                    android:layout_width="match_parent"
                    android:layout_height="wrap_content"
                    android:layout_marginTop="@dimen/margintop"
                    android:orientation="horizontal">

                    <ImageView
                        android:layout_width="10dp"
                        android:layout_height="10dp"
                        android:layout_marginTop="2dp"
                        android:src="@mipmap/ic_radio_button_checked_black_24dp" />

                    <TextView
                        android:id="@+id/ressult2"
                        android:layout_width="match_parent"
                        android:layout_height="wrap_content"
                        android:layout_marginLeft="10dp"
                        android:text="@string/r1"
                        android:textSize="12dp" />
                </LinearLayout>

                <Button
                    android:id="@+id/backButton"
                    android:layout_width="100dp"
                    android:layout_height="50dp"
                    android:layout_alignParentBottom="true"
                    android:layout_marginTop="@dimen/margintop"
                    android:text="返回主页"
                    android:textColor="@color/colorWhite" />

            </LinearLayout>
        </android.support.v7.widget.CardView>

        <android.support.v7.widget.CardView
            android:layout_width="match_parent"
            android:layout_height="100dp"
            android:layout_marginTop="@dimen/margintop"
            android:elevation="5dp"
            app:cardCornerRadius="20dp">

            <LinearLayout
                android:id="@+id/share"
                android:layout_width="match_parent"
                android:layout_height="match_parent"
                android:background="@color/questionBarColor"
                android:gravity="center_horizontal|center_vertical"
                android:orientation="horizontal">

                <ImageView
                    android:layout_width="wrap_content"
                    android:layout_height="wrap_content"
                    android:layout_weight="1"
                    android:src="@mipmap/deng" />

                <TextView
                    android:layout_width="wrap_content"
                    android:layout_height="wrap_content"
                    android:layout_weight="1"
                    android:text="立即分享"
                    android:textAlignment="center"
                    android:textColor="@color/colorWhite"
                    android:textSize="30dp" />
            </LinearLayout>
        </android.support.v7.widget.CardView>
    </LinearLayout>
</ScrollView>
